<?xml version="1.0" encoding="UTF-8"?>
<!-- Generated by org.testng.reporters.JUnitXMLReporter -->
<testsuite hostname="vaibhav" name="Default test" tests="4" failures="0" timestamp="28 Jun 2021 07:35:13 GMT" time="0.22" errors="0">
  <testcase name="@BeforeTest openBrowser" time="0.0" classname="FrameworkBuilding.E2E_Project.HomePageTestCases">
    <failure type="java.lang.NoClassDefFoundError" message="com/google/common/collect/ImmutableMap">
      <![CDATA[java.lang.NoClassDefFoundError: com/google/common/collect/ImmutableMap
	at org.openqa.selenium.remote.service.DriverService$Builder.<init>(DriverService.java:259)
	at org.openqa.selenium.chrome.ChromeDriverService$Builder.<init>(ChromeDriverService.java:101)
	at org.openqa.selenium.chrome.ChromeDriverService.createDefaultService(ChromeDriverService.java:94)
	at org.openqa.selenium.chrome.ChromeDriver.<init>(ChromeDriver.java:157)
	at resources1.base.initializeDrive(base.java:46)
	at FrameworkBuilding.E2E_Project.HomePageTestCases.openBrowser(HomePageTestCases.java:27)
	at sun.reflect.NativeMethodAccessorImpl.invoke0(Native Method)
	at sun.reflect.NativeMethodAccessorImpl.invoke(NativeMethodAccessorImpl.java:62)
	at sun.reflect.DelegatingMethodAccessorImpl.invoke(DelegatingMethodAccessorImpl.java:43)
	at java.lang.reflect.Method.invoke(Method.java:498)
	at org.testng.internal.MethodInvocationHelper.invokeMethod(MethodInvocationHelper.java:86)
	at org.testng.internal.Invoker.invokeConfigurationMethod(Invoker.java:514)
	at org.testng.internal.Invoker.invokeConfigurations(Invoker.java:215)
	at org.testng.internal.Invoker.invokeConfigurations(Invoker.java:142)
	at org.testng.TestRunner.beforeRun(TestRunner.java:656)
	at org.testng.TestRunner.run(TestRunner.java:624)
	at org.testng.SuiteRunner.runTest(SuiteRunner.java:366)
	at org.testng.SuiteRunner.runSequentially(SuiteRunner.java:361)
	at org.testng.SuiteRunner.privateRun(SuiteRunner.java:319)
	at org.testng.SuiteRunner.run(SuiteRunner.java:268)
	at org.testng.SuiteRunnerWorker.runSuite(SuiteRunnerWorker.java:52)
	at org.testng.SuiteRunnerWorker.run(SuiteRunnerWorker.java:86)
	at org.testng.TestNG.runSuitesSequentially(TestNG.java:1244)
	at org.testng.TestNG.runSuitesLocally(TestNG.java:1169)
	at org.testng.TestNG.run(TestNG.java:1064)
	at org.testng.remote.AbstractRemoteTestNG.run(AbstractRemoteTestNG.java:114)
	at org.testng.remote.RemoteTestNG.initAndRun(RemoteTestNG.java:251)
	at org.testng.remote.RemoteTestNG.main(RemoteTestNG.java:77)
Caused by: java.lang.ClassNotFoundException: com.google.common.collect.ImmutableMap
	at java.net.URLClassLoader.findClass(URLClassLoader.java:381)
	at java.lang.ClassLoader.loadClass(ClassLoader.java:424)
	at sun.misc.Launcher$AppClassLoader.loadClass(Launcher.java:331)
	at java.lang.ClassLoader.loadClass(ClassLoader.java:357)
	... 28 more
]]>
    </failure>
  </testcase> <!-- @BeforeTest openBrowser -->
  <testcase name="@AfterTest closeBrowser" time="0.0" classname="FrameworkBuilding.E2E_Project.HomePageTestCases">
    <skipped/>
  </testcase> <!-- @AfterTest closeBrowser -->
  <testcase name="checkTitleOfPageIsCorrect" time="0.01" classname="FrameworkBuilding.E2E_Project.HomePageTestCases">
    <skipped/>
  </testcase> <!-- checkTitleOfPageIsCorrect -->
  <testcase name="checkHeaderTitleIsCorrect" time="0.0" classname="FrameworkBuilding.E2E_Project.HomePageTestCases">
    <skipped/>
  </testcase> <!-- checkHeaderTitleIsCorrect -->
  <testcase name="checkNavBarAvailable" time="0.0" classname="FrameworkBuilding.E2E_Project.HomePageTestCases">
    <skipped/>
  </testcase> <!-- checkNavBarAvailable -->
  <testcase name="checkLoginBtnWorking" time="0.01" classname="FrameworkBuilding.E2E_Project.HomePageTestCases">
    <skipped/>
  </testcase> <!-- checkLoginBtnWorking -->
</testsuite> <!-- Default test -->
