<?xml version="1.0" encoding="UTF-8"?>
<testng-results skipped="0" failed="1" total="6" passed="5">
  <reporter-output>
  </reporter-output>
  <suite name="Suite" duration-ms="47080" started-at="2021-06-28T07:41:24Z" finished-at="2021-06-28T07:42:11Z">
    <groups>
    </groups>
    <test name="HomePageTestCases" duration-ms="43837" started-at="2021-06-28T07:41:24Z" finished-at="2021-06-28T07:42:08Z">
      <class name="FrameworkBuilding.E2E_Project.HomePageTestCases">
        <test-method status="PASS" signature="openBrowser()[pri:0, instance:FrameworkBuilding.E2E_Project.HomePageTestCases@68e965f5]" name="openBrowser" is-config="true" duration-ms="6472" started-at="2021-06-28T13:11:24Z" finished-at="2021-06-28T13:11:30Z">
          <reporter-output>
          </reporter-output>
        </test-method> <!-- openBrowser -->
        <test-method status="FAIL" signature="checkTitleOfPageIsCorrect()[pri:1, instance:FrameworkBuilding.E2E_Project.HomePageTestCases@68e965f5]" name="checkTitleOfPageIsCorrect" duration-ms="30021" started-at="2021-06-28T13:11:30Z" finished-at="2021-06-28T13:12:00Z">
          <exception class="java.lang.AssertionError">
            <message>
              <![CDATA[expected [FEATURED Courses] but found [FEATURED COURSES]]]>
            </message>
            <full-stacktrace>
              <![CDATA[java.lang.AssertionError: expected [FEATURED Courses] but found [FEATURED COURSES]
	at org.testng.Assert.fail(Assert.java:94)
	at org.testng.Assert.failNotEquals(Assert.java:513)
	at org.testng.Assert.assertEqualsImpl(Assert.java:135)
	at org.testng.Assert.assertEquals(Assert.java:116)
	at org.testng.Assert.assertEquals(Assert.java:190)
	at org.testng.Assert.assertEquals(Assert.java:200)
	at FrameworkBuilding.E2E_Project.HomePageTestCases.checkTitleOfPageIsCorrect(HomePageTestCases.java:50)
	at sun.reflect.NativeMethodAccessorImpl.invoke0(Native Method)
	at sun.reflect.NativeMethodAccessorImpl.invoke(NativeMethodAccessorImpl.java:62)
	at sun.reflect.DelegatingMethodAccessorImpl.invoke(DelegatingMethodAccessorImpl.java:43)
	at java.lang.reflect.Method.invoke(Method.java:498)
	at org.testng.internal.MethodInvocationHelper.invokeMethod(MethodInvocationHelper.java:86)
	at org.testng.internal.Invoker.invokeMethod(Invoker.java:643)
	at org.testng.internal.Invoker.invokeTestMethod(Invoker.java:820)
	at org.testng.internal.Invoker.invokeTestMethods(Invoker.java:1128)
	at org.testng.internal.TestMethodWorker.invokeTestMethods(TestMethodWorker.java:129)
	at org.testng.internal.TestMethodWorker.run(TestMethodWorker.java:112)
	at org.testng.TestRunner.privateRun(TestRunner.java:782)
	at org.testng.TestRunner.run(TestRunner.java:632)
	at org.testng.SuiteRunner.runTest(SuiteRunner.java:366)
	at org.testng.SuiteRunner.access$000(SuiteRunner.java:39)
	at org.testng.SuiteRunner$SuiteWorker.run(SuiteRunner.java:400)
	at org.testng.internal.thread.ThreadUtil$2.call(ThreadUtil.java:64)
	at java.util.concurrent.FutureTask.run(FutureTask.java:266)
	at java.util.concurrent.ThreadPoolExecutor.runWorker(ThreadPoolExecutor.java:1142)
	at java.util.concurrent.ThreadPoolExecutor$Worker.run(ThreadPoolExecutor.java:617)
	at java.lang.Thread.run(Thread.java:745)
]]>
            </full-stacktrace>
          </exception> <!-- java.lang.AssertionError -->
          <reporter-output>
          </reporter-output>
        </test-method> <!-- checkTitleOfPageIsCorrect -->
        <test-method status="PASS" signature="checkHeaderTitleIsCorrect()[pri:2, instance:FrameworkBuilding.E2E_Project.HomePageTestCases@68e965f5]" name="checkHeaderTitleIsCorrect" duration-ms="88" started-at="2021-06-28T13:12:02Z" finished-at="2021-06-28T13:12:02Z">
          <reporter-output>
          </reporter-output>
        </test-method> <!-- checkHeaderTitleIsCorrect -->
        <test-method status="PASS" signature="checkNavBarAvailable()[pri:3, instance:FrameworkBuilding.E2E_Project.HomePageTestCases@68e965f5]" name="checkNavBarAvailable" duration-ms="333" started-at="2021-06-28T13:12:02Z" finished-at="2021-06-28T13:12:03Z">
          <reporter-output>
          </reporter-output>
        </test-method> <!-- checkNavBarAvailable -->
        <test-method status="PASS" signature="checkLoginBtnWorking()[pri:4, instance:FrameworkBuilding.E2E_Project.HomePageTestCases@68e965f5]" name="checkLoginBtnWorking" duration-ms="4807" started-at="2021-06-28T13:12:03Z" finished-at="2021-06-28T13:12:07Z">
          <reporter-output>
          </reporter-output>
        </test-method> <!-- checkLoginBtnWorking -->
        <test-method status="PASS" signature="closeBrowser()[pri:0, instance:FrameworkBuilding.E2E_Project.HomePageTestCases@68e965f5]" name="closeBrowser" is-config="true" duration-ms="404" started-at="2021-06-28T13:12:07Z" finished-at="2021-06-28T13:12:08Z">
          <reporter-output>
          </reporter-output>
        </test-method> <!-- closeBrowser -->
      </class> <!-- FrameworkBuilding.E2E_Project.HomePageTestCases -->
    </test> <!-- HomePageTestCases -->
    <test name="LoginPageTestCases" duration-ms="47070" started-at="2021-06-28T07:41:24Z" finished-at="2021-06-28T07:42:11Z">
      <class name="FrameworkBuilding.E2E_Project.LoginPageTestCases">
        <test-method status="PASS" signature="openBrowser()[pri:0, instance:FrameworkBuilding.E2E_Project.LoginPageTestCases@55b53d44]" name="openBrowser" is-config="true" duration-ms="5693" started-at="2021-06-28T13:11:24Z" finished-at="2021-06-28T13:11:30Z">
          <reporter-output>
          </reporter-output>
        </test-method> <!-- openBrowser -->
        <test-method status="PASS" signature="LoginPageUnautorizedAccessTest(java.lang.String, java.lang.String)[pri:0, instance:FrameworkBuilding.E2E_Project.LoginPageTestCases@55b53d44]" name="LoginPageUnautorizedAccessTest" duration-ms="29797" started-at="2021-06-28T13:11:30Z" data-provider="getData" finished-at="2021-06-28T13:11:59Z">
          <params>
            <param index="0">
              <value>
                <![CDATA[restricteduser@qaclick.com]]>
              </value>
            </param>
            <param index="1">
              <value>
                <![CDATA[pass@123]]>
              </value>
            </param>
          </params>
          <reporter-output>
          </reporter-output>
        </test-method> <!-- LoginPageUnautorizedAccessTest -->
        <test-method status="PASS" signature="LoginPageUnautorizedAccessTest(java.lang.String, java.lang.String)[pri:0, instance:FrameworkBuilding.E2E_Project.LoginPageTestCases@55b53d44]" name="LoginPageUnautorizedAccessTest" duration-ms="11264" started-at="2021-06-28T13:12:00Z" data-provider="getData" finished-at="2021-06-28T13:12:11Z">
          <params>
            <param index="0">
              <value>
                <![CDATA[unrestricteduser@qaclick.com]]>
              </value>
            </param>
            <param index="1">
              <value>
                <![CDATA[unrestricted]]>
              </value>
            </param>
          </params>
          <reporter-output>
          </reporter-output>
        </test-method> <!-- LoginPageUnautorizedAccessTest -->
        <test-method status="PASS" signature="closeBrowser()[pri:0, instance:FrameworkBuilding.E2E_Project.LoginPageTestCases@55b53d44]" name="closeBrowser" is-config="true" duration-ms="253" started-at="2021-06-28T13:12:11Z" finished-at="2021-06-28T13:12:11Z">
          <reporter-output>
          </reporter-output>
        </test-method> <!-- closeBrowser -->
      </class> <!-- FrameworkBuilding.E2E_Project.LoginPageTestCases -->
    </test> <!-- LoginPageTestCases -->
  </suite> <!-- Suite -->
</testng-results>
